<?xml version="1.0" encoding="UTF-8"?>
<!-- Generated by org.testng.reporters.JUnitXMLReporter -->
<testsuite ignored="4" hostname="MUM01L00506" failures="0" tests="1" name="Default test" time="2.466" errors="0" timestamp="2022-12-16T01:06:27 IST">
  <testcase classname="spotify.oauth.test.PlayListTest" name="Playlist_With_Invalid_AccessToken_Validation" time="2.427"/>
  <testcase classname="spotify.oauth.test.PlayListTest" name="createPlaylist" time="0.0">
    <ignored/>
  </testcase> <!-- createPlaylist -->
  <testcase classname="spotify.oauth.test.PlayListTest" name="getPlaylist" time="0.0">
    <ignored/>
  </testcase> <!-- getPlaylist -->
  <testcase classname="spotify.oauth.test.PlayListTest" name="addTracksInPlaylist" time="0.0">
    <ignored/>
  </testcase> <!-- addTracksInPlaylist -->
  <testcase classname="spotify.oauth.test.PlayListTest" name="UpdatePlaylist" time="0.0">
    <ignored/>
  </testcase> <!-- UpdatePlaylist -->
</testsuite> <!-- Default test -->
