<?xml version="1.0" encoding="UTF-8"?>
<testng-results ignored="4" total="5" passed="1" failed="0" skipped="0">
  <reporter-output>
  </reporter-output>
  <suite started-at="2022-12-16T01:06:25 IST" name="Default suite" finished-at="2022-12-16T01:06:27 IST" duration-ms="2466">
    <groups>
    </groups>
    <test started-at="2022-12-16T01:06:25 IST" name="Default test" finished-at="2022-12-16T01:06:27 IST" duration-ms="2466">
      <class name="spotify.oauth.test.PlayListTest">
        <test-method signature="Playlist_With_Invalid_AccessToken_Validation()[pri:0, instance:spotify.oauth.test.PlayListTest@762ef0ea]" started-at="2022-12-16T01:06:25 IST" name="Playlist_With_Invalid_AccessToken_Validation" finished-at="2022-12-16T01:06:27 IST" duration-ms="2427" status="PASS">
          <reporter-output>
          </reporter-output>
        </test-method> <!-- Playlist_With_Invalid_AccessToken_Validation -->
      </class> <!-- spotify.oauth.test.PlayListTest -->
    </test> <!-- Default test -->
  </suite> <!-- Default suite -->
</testng-results>
